<?xml version="1.0" encoding="UTF-8"?>

<mule xmlns:xsi="http://www.w3.org/2001/XMLSchema-instance"
	xmlns:munit="http://www.mulesoft.org/schema/mule/munit" xmlns:munit-tools="http://www.mulesoft.org/schema/mule/munit-tools"
	xmlns="http://www.mulesoft.org/schema/mule/core" xmlns:doc="http://www.mulesoft.org/schema/mule/documentation"
	xsi:schemaLocation="
		http://www.mulesoft.org/schema/mule/core http://www.mulesoft.org/schema/mule/core/current/mule.xsd
		http://www.mulesoft.org/schema/mule/munit http://www.mulesoft.org/schema/mule/munit/current/mule-munit.xsd
		http://www.mulesoft.org/schema/mule/munit-tools  http://www.mulesoft.org/schema/mule/munit-tools/current/mule-munit-tools.xsd">
	<munit:config name="test-test-suite.xml" />
	<munit:test name="test-test-suite-testFlowTest" doc:id="19f4122a-09b7-4e65-9f98-c8ac3a4f2764" description="Test">
		<munit:execution >
			<flow-ref doc:name="Flow-ref to testFlow" doc:id="5d628dae-3e90-49ab-80fe-bae428620b14" name="testFlow"/>
		</munit:execution>
	</munit:test>


</mule>
